time="2024-09-17T16:51:20-07:00" level=info msg="Logging configuration loaded successfully"
time="2024-09-17T16:51:20-07:00" level=info msg="Server started on port 3003"
time="2024-09-17 17:02:37" level=info msg="Logging configuration loaded successfully"
time="2024-09-17 17:02:37" level=info msg="Server started on port 3003"
time="2024-09-17 17:03:06" level=info msg="Request: OPTIONS /api/batchedUpdates | Status: 200 | Duration: 0s"
time="2024-09-17 17:03:07" level=info msg="Request: POST /api/batchedUpdates | Status: 200 | Duration: 1.0059768s"
time="2024-09-17 17:09:41" level=info msg="Logging configuration loaded successfully"
time="2024-09-17 17:09:41" level=info msg="Server started on port 3003"
time="2024-09-17 17:10:22" level=info msg="Request handled" duration=0s method=OPTIONS path=/api/batchedUpdates status=404
time="2024-09-17 17:11:53" level=info msg="Logging configuration loaded successfully"
time="2024-09-17 17:11:53" level=info msg="Server started on port 3003"
time="2024-09-17 17:11:57" level=info msg="Request handled" duration="497.1µs" method=OPTIONS path=/api/batchedUpdates status=204
time="2024-09-17 17:11:58" level=info msg="Request handled" duration=1.0069722s method=POST path=/api/batchedUpdates status=200
time="2024-09-17 17:13:49" level=info msg="Logging configuration loaded successfully"
time="2024-09-17 17:13:49" level=info msg="Server started on port 3003"
time="2024-09-17 17:18:25" level=info msg="Logging configuration loaded successfully"
time="2024-09-17 17:18:25" level=info msg="Environment variables loaded successfully"
time="2024-09-17 17:18:25" level=info msg="Overriding Kafka Hostname with HOST_IP: 192.168.213.1"
time="2024-09-17 17:18:25" level=info msg="Kafka configuration loaded: {Hostname:192.168.213.1 Port:9093 Topic:batchedUpdates MaxRetries:5 RetryInterval:3000000000}"
time="2024-09-17 17:18:25" level=info msg="Server started on port 3003"
time="2024-09-17 17:22:01" level=info msg="Logging configuration loaded successfully"
time="2024-09-17 17:22:01" level=info msg="Environment variables loaded successfully"
time="2024-09-17 17:22:01" level=info msg="Overriding Kafka Hostname with HOST_IP: 192.168.213.1"
time="2024-09-17 17:22:01" level=info msg="Kafka configuration loaded: {Hostname:192.168.213.1 Port:9093 Topic:batchedUpdates MaxRetries:5 RetryInterval:3000000000}"
time="2024-09-17 17:22:01" level=info msg="Server started on port 3003"
time="2024-09-17 17:32:05" level=info msg="Logging configuration loaded successfully"
time="2024-09-17 17:32:05" level=info msg="Environment variables loaded successfully"
time="2024-09-17 17:32:05" level=info msg="Overriding Kafka Hostname with HOST_IP: 192.168.213.1"
time="2024-09-17 17:32:05" level=info msg="Kafka configuration loaded: {Hostname:192.168.213.1 Port:9093 Topic:batchedUpdates MaxRetries:5 RetryInterval:3000000000}"
time="2024-09-17 17:32:05" level=info msg="Server started on port 3003"
time="2024-09-17 17:34:28" level=info msg="Logging configuration loaded successfully"
time="2024-09-17 17:34:28" level=info msg="Environment variables loaded successfully"
time="2024-09-17 17:34:28" level=info msg="Overriding Kafka Hostname with HOST_IP: 192.168.213.1"
time="2024-09-17 17:34:28" level=info msg="Kafka configuration loaded: {Hostname:192.168.213.1 Port:9093 Topic:batchedUpdates MaxRetries:5 RetryInterval:3000000000}"
time="2024-09-17 17:34:28" level=info msg="Attempting to connect to Kafka..."
time="2024-09-17 17:34:28" level=info msg="Kafka client connected to 192.168.213.1:9093"
time="2024-09-17 17:34:28" level=info msg="Connected to topic batchedUpdates"
time="2024-09-17 17:34:28" level=info msg="Server started on port 3003"
time="2024-09-17 17:35:30" level=info msg="Logging configuration loaded successfully"
time="2024-09-17 17:35:30" level=info msg="Environment variables loaded successfully"
time="2024-09-17 17:35:30" level=info msg="Overriding Kafka Hostname with HOST_IP: 192.168.213.1"
time="2024-09-17 17:35:30" level=info msg="Kafka configuration loaded: {Hostname:192.168.213.1 Port:9093 Topic:batchedUpdates MaxRetries:5 RetryInterval:3000000000}"
time="2024-09-17 17:35:30" level=info msg="Attempting to connect to Kafka..."
time="2024-09-17 17:35:30" level=info msg="Kafka client connected to 192.168.213.1:9093"
time="2024-09-17 17:35:30" level=info msg="Connected to topic batchedUpdates"
time="2024-09-17 17:35:30" level=info msg="Server started on port 3003"
time="2024-09-17 17:37:34" level=info msg="Logging configuration loaded successfully"
time="2024-09-17 17:37:34" level=info msg="Environment variables loaded successfully"
time="2024-09-17 17:37:34" level=info msg="Overriding Kafka Hostname with HOST_IP: 192.168.213.1"
time="2024-09-17 17:37:34" level=info msg="Kafka configuration loaded: {Hostname:192.168.213.1 Port:9093 Topic:batchedUpdates MaxRetries:5 RetryInterval:3000000000}"
time="2024-09-17 17:37:34" level=info msg="Attempting to connect to Kafka..."
time="2024-09-17 17:37:34" level=info msg="Kafka client connected to 192.168.213.1:9093"
time="2024-09-17 17:37:34" level=info msg="Connected to topic batchedUpdates"
time="2024-09-17 17:37:34" level=info msg="Server started on port 3003"
time="2024-09-17 17:39:03" level=info msg="Logging configuration loaded successfully"
time="2024-09-17 17:39:03" level=info msg="Environment variables loaded successfully"
time="2024-09-17 17:39:03" level=info msg="Overriding Kafka Hostname with HOST_IP: 192.168.213.1"
time="2024-09-17 17:39:03" level=info msg="Kafka configuration loaded: {Hostname:192.168.213.1 Port:9093 Topic:batchedUpdates MaxRetries:5 RetryInterval:3000000000}"
time="2024-09-17 17:39:03" level=info msg="Custom Log: Attempting to connect to Kafka..."
time="2024-09-17 17:39:03" level=info msg="Custom Log: Kafka client connected to 192.168.213.1:9093"
time="2024-09-17 17:39:03" level=info msg="Custom Log: Connected to topic batchedUpdates"
time="2024-09-17 17:39:03" level=info msg="Server started on port 3003"
time="2024-09-17 17:41:01" level=info msg="Logging configuration loaded successfully"
time="2024-09-17 17:41:01" level=info msg="Environment variables loaded successfully"
time="2024-09-17 17:41:01" level=info msg="Overriding Kafka Hostname with HOST_IP: 192.168.213.1"
time="2024-09-17 17:41:01" level=info msg="Kafka configuration loaded: {Hostname:192.168.213.1 Port:9093 Topic:batchedUpdates MaxRetries:5 RetryInterval:3000000000}"
time="2024-09-17 17:41:01" level=info msg="Custom Log: Attempting to connect to Kafka..."
time="2024-09-17 17:41:01" level=info msg="Custom Log: Kafka client connected to 192.168.213.1:9093"
time="2024-09-17 17:41:01" level=info msg="Custom Log: Connected to topic batchedUpdates"
time="2024-09-17 17:41:01" level=info msg="Server started on port 3003"
time="2024-09-17 17:42:15" level=info msg="Logging configuration loaded successfully"
time="2024-09-17 17:42:15" level=info msg="Environment variables loaded successfully"
time="2024-09-17 17:42:15" level=info msg="Overriding Kafka Hostname with HOST_IP: 192.168.213.1"
time="2024-09-17 17:42:15" level=info msg="Kafka configuration loaded: {Hostname:192.168.213.1 Port:9093 Topic:batchedUpdates MaxRetries:5 RetryInterval:3000000000}"
time="2024-09-17 17:42:15" level=info msg="Custom Log: Attempting to connect to Kafka..."
time="2024-09-17 17:42:15" level=info msg="Custom Log: Kafka client connected to 192.168.213.1:9093"
time="2024-09-17 17:42:15" level=info msg="Custom Log: Connected to topic batchedUpdates"
time="2024-09-17 17:42:15" level=info msg="Server started on port 3003"
time="2024-09-17 17:42:49" level=info msg="Logging configuration loaded successfully"
time="2024-09-17 17:42:49" level=info msg="Environment variables loaded successfully"
time="2024-09-17 17:42:49" level=info msg="Overriding Kafka Hostname with HOST_IP: 192.168.213.1"
time="2024-09-17 17:42:49" level=info msg="Kafka configuration loaded: {Hostname:192.168.213.1 Port:9093 Topic:batchedUpdates MaxRetries:5 RetryInterval:3000000000}"
time="2024-09-17 17:42:49" level=info msg="Attempting to connect to Kafka..."
time="2024-09-17 17:42:49" level=info msg="Kafka client connected to 192.168.213.1:9093"
time="2024-09-17 17:42:49" level=info msg="Connected to topic batchedUpdates"
time="2024-09-17 17:42:49" level=info msg="Server started on port 3003"
time="2024-09-17 17:43:17" level=info msg="Logging configuration loaded successfully"
time="2024-09-17 17:43:17" level=info msg="Server started on port 3003"
time="2024-09-17 17:45:52" level=info msg="Logging configuration loaded successfully"
time="2024-09-17 17:45:52" level=info msg="Server started on port 3003"
time="2024-09-17 17:46:18" level=info msg="Request handled" ip="::1" latency=0s method=OPTIONS path=/api/batchedUpdates status_code=204 user_agent="Mozilla/5.0 (Windows NT 10.0; Win64; x64) AppleWebKit/537.36 (KHTML, like Gecko) Chrome/128.0.0.0 Safari/537.36"
time="2024-09-17 17:46:19" level=info msg="Request handled" ip="::1" latency=1.0209993s method=POST path=/api/batchedUpdates status_code=200 user_agent="Mozilla/5.0 (Windows NT 10.0; Win64; x64) AppleWebKit/537.36 (KHTML, like Gecko) Chrome/128.0.0.0 Safari/537.36"
time="2024-09-17 17:49:20" level=info msg="Logging configuration loaded successfully"
time="2024-09-17 17:49:20" level=info msg="Server started on port 3003"
time="2024-09-17 17:49:36" level=info msg="Request handled successfully" client_ip="::1" latency=0s method=OPTIONS path=/api/batchedUpdates status_code=204 user_agent="Mozilla/5.0 (Windows NT 10.0; Win64; x64) AppleWebKit/537.36 (KHTML, like Gecko) Chrome/128.0.0.0 Safari/537.36"
time="2024-09-17 17:49:36" level=info msg="[GIN] 2024/09/17 - 17:49:36 | 204 | 0s | ::1 | OPTIONS \"/api/batchedUpdates\""
time="2024-09-17 17:49:37" level=info msg="Request handled successfully" client_ip="::1" latency=1.0064706s method=POST path=/api/batchedUpdates status_code=200 user_agent="Mozilla/5.0 (Windows NT 10.0; Win64; x64) AppleWebKit/537.36 (KHTML, like Gecko) Chrome/128.0.0.0 Safari/537.36"
time="2024-09-17 17:49:37" level=info msg="[GIN] 2024/09/17 - 17:49:36 | 200 | 1.0064706s | ::1 | POST \"/api/batchedUpdates\""
time="2024-09-17 17:51:02" level=info msg="Logging configuration loaded successfully"
time="2024-09-17 17:51:02" level=info msg="Server started on port 3003"
time="2024-09-17 17:51:33" level=info msg="[GIN] 2024/09/17 - 17:51:33 | 204 |            0s |             ::1 | OPTIONS  \"/api/batchedUpdates\""
time="2024-09-17 17:51:34" level=info msg="2024-09-17 17:51:34 - INFO - User AdamZilla loaded 1 Pokémon into Kafka with status 200"
time="2024-09-17 17:51:34" level=info msg="[GIN] 2024/09/17 - 17:51:33 | 200 |    1.0074995s |             ::1 | POST     \"/api/batchedUpdates\""
time="2024-09-17 17:53:58" level=info msg="Logging configuration loaded successfully"
time="2024-09-17 17:53:58" level=info msg="Server started on port 3003"
time="2024-09-17T17:54:13-07:00" level=info msg="[GIN] 2024/09/17 - 17:54:13 | 204 |            0s |             ::1 | OPTIONS  \"/api/batchedUpdates\""
time="2024-09-17T17:54:14-07:00" level=info msg="[GIN] 2024/09/17 - 17:54:13 | 200 |    1.0070016s |             ::1 | POST     \"/api/batchedUpdates\""
time="2024-09-17 17:55:51" level=info msg="Logging configuration loaded successfully"
[GIN-debug] [WARNING] Creating an Engine instance with the Logger and Recovery middleware already attached.

[GIN-debug] [WARNING] Running in "debug" mode. Switch to "release" mode in production.
 - using env:	export GIN_MODE=release
 - using code:	gin.SetMode(gin.ReleaseMode)

time="2024-09-17 17:55:51" level=info msg="Server started on port 3003"
[GIN-debug] POST   /api/batchedUpdates       --> main.handleBatchedUpdates (5 handlers)
[GIN-debug] [WARNING] You trusted all proxies, this is NOT safe. We recommend you to set a value.
Please check https://pkg.go.dev/github.com/gin-gonic/gin#readme-don-t-trust-all-proxies for details.
[GIN-debug] Listening and serving HTTP on :3003
[GIN] 2024/09/17 - 17:56:02 | 204 |            0s |             ::1 | OPTIONS  "/api/batchedUpdates"
[GIN] 2024/09/17 - 17:56:03 | 200 |     1.006501s |             ::1 | POST     "/api/batchedUpdates"
time="2024-09-17 17:57:36" level=info msg="Logging configuration loaded successfully"
[GIN-debug] [WARNING] Creating an Engine instance with the Logger and Recovery middleware already attached.

[GIN-debug] [WARNING] Running in "debug" mode. Switch to "release" mode in production.
 - using env:	export GIN_MODE=release
 - using code:	gin.SetMode(gin.ReleaseMode)

time="2024-09-17 17:57:36" level=info msg="Server started on port 3003"
[GIN-debug] POST   /api/batchedUpdates       --> main.handleBatchedUpdates (5 handlers)
[GIN-debug] [WARNING] You trusted all proxies, this is NOT safe. We recommend you to set a value.
Please check https://pkg.go.dev/github.com/gin-gonic/gin#readme-don-t-trust-all-proxies for details.
[GIN-debug] Listening and serving HTTP on :3003
[GIN] 2024/09/17 - 17:58:02 | 204 |            0s |             ::1 | OPTIONS  "/api/batchedUpdates"
[GIN] 2024/09/17 - 17:58:03 | 200 |    1.0095284s |             ::1 | POST     "/api/batchedUpdates"
time="2024-09-17 17:58:56" level=info msg="Logging configuration loaded successfully"
[GIN-debug] [WARNING] Creating an Engine instance with the Logger and Recovery middleware already attached.

[GIN-debug] [WARNING] Running in "debug" mode. Switch to "release" mode in production.
 - using env:	export GIN_MODE=release
 - using code:	gin.SetMode(gin.ReleaseMode)

time="2024-09-17 17:58:56" level=info msg="Server started on port 3003"
[GIN-debug] POST   /api/batchedUpdates       --> main.handleBatchedUpdates (5 handlers)
[GIN-debug] [WARNING] You trusted all proxies, this is NOT safe. We recommend you to set a value.
Please check https://pkg.go.dev/github.com/gin-gonic/gin#readme-don-t-trust-all-proxies for details.
[GIN-debug] Listening and serving HTTP on :3003
[GIN] 2024/09/17 - 17:59:07 | 204 |            0s |             ::1 | OPTIONS  "/api/batchedUpdates"
[GIN] 2024/09/17 - 17:59:08 | 200 |     1.006968s |             ::1 | POST     "/api/batchedUpdates"
time="2024-09-17 17:59:47" level=info msg="Logging configuration loaded successfully"
[GIN-debug] [WARNING] Creating an Engine instance with the Logger and Recovery middleware already attached.

[GIN-debug] [WARNING] Running in "debug" mode. Switch to "release" mode in production.
 - using env:	export GIN_MODE=release
 - using code:	gin.SetMode(gin.ReleaseMode)

time="2024-09-17 17:59:47" level=info msg="Server started on port 3003"
[GIN-debug] POST   /api/batchedUpdates       --> main.handleBatchedUpdates (5 handlers)
[GIN-debug] [WARNING] You trusted all proxies, this is NOT safe. We recommend you to set a value.
Please check https://pkg.go.dev/github.com/gin-gonic/gin#readme-don-t-trust-all-proxies for details.
[GIN-debug] Listening and serving HTTP on :3003
[GIN] 2024/09/17 - 18:00:04 | 204 |            0s |             ::1 | OPTIONS  "/api/batchedUpdates"
[GIN] 2024/09/17 - 18:00:05 | 200 |    1.0088667s |             ::1 | POST     "/api/batchedUpdates"
[GIN-debug] [WARNING] Creating an Engine instance with the Logger and Recovery middleware already attached.

[GIN-debug] [WARNING] Running in "debug" mode. Switch to "release" mode in production.
 - using env:	export GIN_MODE=release
 - using code:	gin.SetMode(gin.ReleaseMode)

[GIN-debug] POST   /api/batchedUpdates       --> main.handleBatchedUpdates (5 handlers)
[GIN-debug] [WARNING] You trusted all proxies, this is NOT safe. We recommend you to set a value.
Please check https://pkg.go.dev/github.com/gin-gonic/gin#readme-don-t-trust-all-proxies for details.
[GIN-debug] Listening and serving HTTP on :3003
[GIN] 2024/09/17 - 18:08:54 | 204 |            0s |             ::1 | OPTIONS  "/api/batchedUpdates"
[GIN] 2024/09/17 - 18:08:55 | 200 |       1.0075s |             ::1 | POST     "/api/batchedUpdates"
[GIN-debug] [WARNING] Creating an Engine instance with the Logger and Recovery middleware already attached.

[GIN-debug] [WARNING] Running in "debug" mode. Switch to "release" mode in production.
 - using env:	export GIN_MODE=release
 - using code:	gin.SetMode(gin.ReleaseMode)

[GIN-debug] POST   /api/batchedUpdates       --> main.handleBatchedUpdates (5 handlers)
[GIN-debug] [WARNING] You trusted all proxies, this is NOT safe. We recommend you to set a value.
Please check https://pkg.go.dev/github.com/gin-gonic/gin#readme-don-t-trust-all-proxies for details.
[GIN-debug] Listening and serving HTTP on :3003
[GIN] 2024/09/17 - 18:15:31 |[97;42m 204 [0m|            0s |             ::1 |[90;47m OPTIONS [0m "/api/batchedUpdates"
[GIN] 2024/09/17 - 18:15:32 |[97;42m 200 [0m|    1.0069987s |             ::1 |[97;46m POST    [0m "/api/batchedUpdates"
[GIN-debug] [WARNING] Creating an Engine instance with the Logger and Recovery middleware already attached.

[GIN-debug] [WARNING] Running in "debug" mode. Switch to "release" mode in production.
 - using env:	export GIN_MODE=release
 - using code:	gin.SetMode(gin.ReleaseMode)

[GIN-debug] POST   /api/batchedUpdates       --> main.handleBatchedUpdates (5 handlers)
[GIN-debug] [WARNING] You trusted all proxies, this is NOT safe. We recommend you to set a value.
Please check https://pkg.go.dev/github.com/gin-gonic/gin#readme-don-t-trust-all-proxies for details.
[GIN-debug] Listening and serving HTTP on :3003
[GIN-debug] [WARNING] Creating an Engine instance with the Logger and Recovery middleware already attached.

[GIN-debug] [WARNING] Running in "debug" mode. Switch to "release" mode in production.
 - using env:	export GIN_MODE=release
 - using code:	gin.SetMode(gin.ReleaseMode)

[GIN-debug] POST   /api/batchedUpdates       --> main.handleBatchedUpdates (5 handlers)
[GIN-debug] [WARNING] You trusted all proxies, this is NOT safe. We recommend you to set a value.
Please check https://pkg.go.dev/github.com/gin-gonic/gin#readme-don-t-trust-all-proxies for details.
[GIN-debug] Listening and serving HTTP on :3003
[GIN] 2024/09/17 - 18:22:19 |[97;42m 204 [0m|            0s |             ::1 |[90;47m OPTIONS [0m "/api/batchedUpdates"
[GIN] 2024/09/17 - 18:22:20 |[97;42m 200 [0m|    1.0079974s |             ::1 |[97;46m POST    [0m "/api/batchedUpdates"
[GIN-debug] [WARNING] Creating an Engine instance with the Logger and Recovery middleware already attached.

[GIN-debug] [WARNING] Running in "debug" mode. Switch to "release" mode in production.
 - using env:	export GIN_MODE=release
 - using code:	gin.SetMode(gin.ReleaseMode)

[GIN-debug] POST   /api/batchedUpdates       --> main.handleBatchedUpdates (5 handlers)
[GIN-debug] [WARNING] You trusted all proxies, this is NOT safe. We recommend you to set a value.
Please check https://pkg.go.dev/github.com/gin-gonic/gin#readme-don-t-trust-all-proxies for details.
[GIN-debug] Listening and serving HTTP on :3003
[GIN-debug] [WARNING] Creating an Engine instance with the Logger and Recovery middleware already attached.

[GIN-debug] [WARNING] Running in "debug" mode. Switch to "release" mode in production.
 - using env:	export GIN_MODE=release
 - using code:	gin.SetMode(gin.ReleaseMode)

[GIN-debug] POST   /api/batchedUpdates       --> main.handleBatchedUpdates (5 handlers)
[GIN-debug] [WARNING] You trusted all proxies, this is NOT safe. We recommend you to set a value.
Please check https://pkg.go.dev/github.com/gin-gonic/gin#readme-don-t-trust-all-proxies for details.
[GIN-debug] Listening and serving HTTP on :3003
[GIN] 2024/09/17 - 18:36:07 |[97;42m 204 [0m|            0s |             ::1 |[90;47m OPTIONS [0m "/api/batchedUpdates"
[GIN] 2024/09/17 - 18:36:08 |[97;42m 200 [0m|    1.0075023s |             ::1 |[97;46m POST    [0m "/api/batchedUpdates"
2024-09-17 18:41:37 - INFO - Attempting to connect to Kafka...
2024-09-17 18:41:37 - INFO - Kafka client connected to 192.168.213.1:9093
2024-09-17 18:41:37 - INFO - Connected to topic batchedUpdates
[GIN-debug] [WARNING] Creating an Engine instance with the Logger and Recovery middleware already attached.

[GIN-debug] [WARNING] Running in "debug" mode. Switch to "release" mode in production.
 - using env:	export GIN_MODE=release
 - using code:	gin.SetMode(gin.ReleaseMode)

2024-09-17 18:41:37 - INFO - Server started on port 3003
[GIN-debug] POST   /api/batchedUpdates       --> main.handleBatchedUpdates (5 handlers)
[GIN-debug] [WARNING] You trusted all proxies, this is NOT safe. We recommend you to set a value.
Please check https://pkg.go.dev/github.com/gin-gonic/gin#readme-don-t-trust-all-proxies for details.
[GIN-debug] Listening and serving HTTP on :3003
2024-09-17 18:42:25 - INFO - Attempting to connect to Kafka...
2024-09-17 18:42:25 - INFO - Kafka client connected to 192.168.213.1:9093
2024-09-17 18:42:25 - INFO - Connected to topic batchedUpdates
[GIN-debug] [WARNING] Creating an Engine instance with the Logger and Recovery middleware already attached.

[GIN-debug] [WARNING] Running in "debug" mode. Switch to "release" mode in production.
 - using env:	export GIN_MODE=release
 - using code:	gin.SetMode(gin.ReleaseMode)

2024-09-17 18:42:25 - INFO - Server started on port 3003
[GIN-debug] POST   /api/batchedUpdates       --> main.handleBatchedUpdates (5 handlers)
[GIN-debug] [WARNING] You trusted all proxies, this is NOT safe. We recommend you to set a value.
Please check https://pkg.go.dev/github.com/gin-gonic/gin#readme-don-t-trust-all-proxies for details.
[GIN-debug] Listening and serving HTTP on :3003
2024-09-17 18:42:46 - INFO - Attempting to connect to Kafka...
2024-09-17 18:42:46 - INFO - Kafka client connected to 192.168.213.1:9093
2024-09-17 18:42:46 - INFO - Connected to topic batchedUpdates
[GIN-debug] [WARNING] Creating an Engine instance with the Logger and Recovery middleware already attached.

[GIN-debug] [WARNING] Running in "debug" mode. Switch to "release" mode in production.
 - using env:	export GIN_MODE=release
 - using code:	gin.SetMode(gin.ReleaseMode)

2024-09-17 18:42:46 - INFO - Server started on port 3003
[GIN-debug] POST   /api/batchedUpdates       --> main.handleBatchedUpdates (5 handlers)
[GIN-debug] [WARNING] You trusted all proxies, this is NOT safe. We recommend you to set a value.
Please check https://pkg.go.dev/github.com/gin-gonic/gin#readme-don-t-trust-all-proxies for details.
[GIN-debug] Listening and serving HTTP on :3003
[GIN] 2024/09/17 - 18:42:55 |[97;42m 204 [0m|            0s |             ::1 |[90;47m OPTIONS [0m "/api/batchedUpdates"
2024-09-17 18:42:56 - INFO - User AdamZilla loaded 1 Pokémon into Kafka
[GIN] 2024/09/17 - 18:42:56 |[97;42m 200 [0m|     1.011831s |             ::1 |[97;46m POST    [0m "/api/batchedUpdates"
[GIN-debug] [WARNING] Creating an Engine instance with the Logger and Recovery middleware already attached.

[GIN-debug] [WARNING] Running in "debug" mode. Switch to "release" mode in production.
 - using env:	export GIN_MODE=release
 - using code:	gin.SetMode(gin.ReleaseMode)

[GIN-debug] POST   /api/batchedUpdates       --> main.handleBatchedUpdates (5 handlers)
[GIN-debug] [WARNING] You trusted all proxies, this is NOT safe. We recommend you to set a value.
Please check https://pkg.go.dev/github.com/gin-gonic/gin#readme-don-t-trust-all-proxies for details.
[GIN-debug] Listening and serving HTTP on :3003
time="2024-09-17T18:50:41-07:00" level=info msg="Attempting to connect to Kafka..."
time="2024-09-17T18:50:41-07:00" level=info msg="Kafka client connected to 192.168.213.1:9093"
time="2024-09-17T18:50:41-07:00" level=info msg="Connected to topic batchedUpdates"
time="2024-09-17T18:50:41-07:00" level=info msg="[GIN-debug] [WARNING] Creating an Engine instance with the Logger and Recovery middleware already attached."
time="2024-09-17T18:50:41-07:00" level=info
time="2024-09-17T18:50:41-07:00" level=info msg="[GIN-debug] [WARNING] Running in \"debug\" mode. Switch to \"release\" mode in production."
time="2024-09-17T18:50:41-07:00" level=info msg="Server started on port 3003"
time="2024-09-17T18:50:41-07:00" level=info msg=" - using env:\texport GIN_MODE=release"
time="2024-09-17T18:50:41-07:00" level=info msg=" - using code:\tgin.SetMode(gin.ReleaseMode)"
time="2024-09-17T18:50:41-07:00" level=info
time="2024-09-17T18:50:41-07:00" level=info msg="[GIN-debug] POST   /api/batchedUpdates       --> main.handleBatchedUpdates (5 handlers)"
time="2024-09-17T18:50:41-07:00" level=info msg="[GIN-debug] [WARNING] You trusted all proxies, this is NOT safe. We recommend you to set a value."
time="2024-09-17T18:50:41-07:00" level=info msg="Please check https://pkg.go.dev/github.com/gin-gonic/gin#readme-don-t-trust-all-proxies for details."
time="2024-09-17T18:50:41-07:00" level=info msg="[GIN-debug] Listening and serving HTTP on :3003"
time="2024-09-17T18:57:34-07:00" level=info msg="Attempting to connect to Kafka..."
time="2024-09-17T18:57:34-07:00" level=info msg="Kafka client connected to 192.168.213.1:9093"
time="2024-09-17T18:57:34-07:00" level=info msg="Connected to topic batchedUpdates"
[GIN-debug] [WARNING] Creating an Engine instance with the Logger and Recovery middleware already attached.

[GIN-debug] [WARNING] Running in "debug" mode. Switch to "release" mode in production.
 - using env:	export GIN_MODE=release
 - using code:	gin.SetMode(gin.ReleaseMode)

time="2024-09-17T18:57:34-07:00" level=info msg="Server started on port 3003"
[GIN-debug] POST   /api/batchedUpdates       --> main.handleBatchedUpdates (5 handlers)
[GIN-debug] [WARNING] You trusted all proxies, this is NOT safe. We recommend you to set a value.
Please check https://pkg.go.dev/github.com/gin-gonic/gin#readme-don-t-trust-all-proxies for details.
[GIN-debug] Listening and serving HTTP on :3003
[GIN] 2024/09/17 - 18:57:57 |[97;42m 204 [0m|            0s |             ::1 |[90;47m OPTIONS [0m "/api/batchedUpdates"
time="2024-09-17T18:57:58-07:00" level=info msg="User AdamZilla loaded 1 Pokémon into Kafka"
[GIN] 2024/09/17 - 18:57:58 |[97;42m 200 [0m|    1.0072054s |             ::1 |[97;46m POST    [0m "/api/batchedUpdates"
[GIN-debug] [WARNING] Running in "debug" mode. Switch to "release" mode in production.
 - using env:	export GIN_MODE=release
 - using code:	gin.SetMode(gin.ReleaseMode)

[GIN-debug] POST   /api/batchedUpdates       --> main.handleBatchedUpdates (4 handlers)
[GIN-debug] [WARNING] You trusted all proxies, this is NOT safe. We recommend you to set a value.
Please check https://pkg.go.dev/github.com/gin-gonic/gin#readme-don-t-trust-all-proxies for details.
[GIN-debug] Listening and serving HTTP on :3003
[GIN-debug] [WARNING] Creating an Engine instance with the Logger and Recovery middleware already attached.

[GIN-debug] [WARNING] Running in "debug" mode. Switch to "release" mode in production.
 - using env:	export GIN_MODE=release
 - using code:	gin.SetMode(gin.ReleaseMode)

2024-09-17 19:06:55 - INFO - Attempting to connect to Kafka...
2024-09-17 19:06:55 - INFO - Kafka client connected to 192.168.213.1:9093
2024-09-17 19:06:55 - INFO - Connected to topic batchedUpdates
2024-09-17 19:06:55 - INFO - Server started on port 3003
2024-09-17 19:07:35 - INFO - ::1 - OPTIONS - "/api/batchedUpdates HTTP/1.1" 204 0s
2024-09-17 19:07:36 - INFO - User AdamZilla loaded 1 Pokémon into Kafka
2024-09-17 19:07:36 - INFO - ::1 - POST - "/api/batchedUpdates HTTP/1.1" 200 1.0274462s
2024-09-17 19:12:21 - INFO - Attempting to connect to Kafka...
2024-09-17 19:12:21 - INFO - Kafka client connected to 192.168.213.1:9093
2024-09-17 19:12:21 - INFO - Connected to topic batchedUpdates
2024-09-17 19:12:21 - INFO - Server started on port 3003
2024-09-17 19:12:30 - INFO - ::1 - OPTIONS - "/api/batchedUpdates HTTP/1.1" 204 0s
2024-09-17 19:12:31 - INFO - User AdamZilla loaded 1 Pokémon into Kafka
2024-09-17 19:12:31 - INFO - ::1 - POST - "/api/batchedUpdates HTTP/1.1" 200 1.0066465s
2024-09-17 19:14:57 - INFO - Attempting to connect to Kafka...
2024-09-17 19:14:57 - INFO - Kafka client connected to 192.168.213.1:9093
2024-09-17 19:14:57 - INFO - Connected to topic batchedUpdates
2024-09-17 19:14:57 - INFO - Server started on port 3003
2024-09-17 19:15:08 - INFO - ::1 - OPTIONS - "/api/batchedUpdates HTTP/1.1" 204 0s
2024-09-17 19:15:09 - INFO - User AdamZilla loaded 1 Pokémon into Kafka
2024-09-17 19:15:09 - INFO - ::1 - POST - "/api/batchedUpdates HTTP/1.1" 200 1.0238097s
2024-09-17 19:20:34 - INFO - Attempting to connect to Kafka...
2024-09-17 19:20:34 - INFO - Kafka client connected to 192.168.213.1:9093
2024-09-17 19:20:34 - INFO - Connected to topic batchedUpdates
2024-09-17 19:20:34 - INFO - Server started on port 3003
2024-09-17 19:20:53 - INFO - User AdamZilla loaded 1 Pokémon into Kafka
2024-09-17 19:23:45 - INFO - Attempting to connect to Kafka...
2024-09-17 19:23:45 - INFO - Kafka client connected to 192.168.213.1:9093
2024-09-17 19:23:45 - INFO - Connected to topic batchedUpdates
2024-09-17 19:23:45 - INFO - Server started on port 3003
[GIN] 2024/09/17 - 19:24:03 | 204 |            0s |             ::1 | OPTIONS  "/api/batchedUpdates"
2024-09-17 19:24:04 - INFO - User AdamZilla loaded 1 Pokémon into Kafka
[GIN] 2024/09/17 - 19:24:04 | 200 |    1.0063962s |             ::1 | POST     "/api/batchedUpdates"
2024-09-17 19:24:58 - INFO - Attempting to connect to Kafka...
2024-09-17 19:24:58 - INFO - Kafka client connected to 192.168.213.1:9093
2024-09-17 19:24:58 - INFO - Connected to topic batchedUpdates
2024-09-17 19:24:58 - INFO - Server started on port 3003
[GIN] 2024/09/17 - 19:25:08 |[97;42m 204 [0m|            0s |             ::1 |[90;47m OPTIONS [0m "/api/batchedUpdates"
2024-09-17 19:25:09 - INFO - User AdamZilla loaded 1 Pokémon into Kafka
[GIN] 2024/09/17 - 19:25:09 |[97;42m 200 [0m|    1.0070006s |             ::1 |[97;46m POST    [0m "/api/batchedUpdates"
2024-09-17 19:28:00 - INFO - Attempting to connect to Kafka...
2024-09-17 19:28:00 - INFO - Kafka client connected to 192.168.213.1:9093
2024-09-17 19:28:00 - INFO - Connected to topic batchedUpdates
2024-09-17 19:28:00 - INFO - Server started on port 3003
2024-09-17 19:30:12 - INFO - Attempting to connect to Kafka...
2024-09-17 19:30:12 - INFO - Kafka client connected to 192.168.213.1:9093
2024-09-17 19:30:12 - INFO - Connected to topic batchedUpdates
2024-09-17 19:30:12 - INFO - Server started on port 3003
[GIN] 2024/09/17 - 19:30:44 |[97;42m 204 [0m|            0s |             ::1 |[90;47m OPTIONS [0m "/api/batchedUpdates"
2024-09-17 19:30:45 - INFO - User AdamZilla loaded 1 Pokémon into Kafka
[GIN] 2024/09/17 - 19:30:45 |[97;42m 200 [0m|    1.0069213s |             ::1 |[97;46m POST    [0m "/api/batchedUpdates"
[GIN] 2024/09/17 - 19:31:09 |[97;42m 204 [0m|            0s |             ::1 |[90;47m OPTIONS [0m "/api/batchedUpdates"
2024-09-17 19:31:10 - INFO - User AdamZilla loaded 1 Pokémon into Kafka
[GIN] 2024/09/17 - 19:31:10 |[97;42m 200 [0m|    1.0035006s |             ::1 |[97;46m POST    [0m "/api/batchedUpdates"
[GIN] 2024/09/17 - 19:36:23 |[97;42m 204 [0m|            0s |             ::1 |[90;47m OPTIONS [0m "/api/batchedUpdates"
2024-09-17 19:36:24 - INFO - User AdamZilla loaded 1 Pokémon into Kafka
[GIN] 2024/09/17 - 19:36:24 |[97;42m 200 [0m|    1.0030003s |             ::1 |[97;46m POST    [0m "/api/batchedUpdates"
2024-09-17 19:45:52 - INFO - Attempting to connect to Kafka...
2024-09-17 19:45:52 - INFO - Kafka client connected to 192.168.213.1:9093
2024-09-17 19:45:52 - INFO - Connected to topic batchedUpdates
2024-09-17 19:45:52 - INFO - Server started on port 3003
[GIN] 2024/09/17 - 19:46:09 |[97;42m 204 [0m|            0s |             ::1 |[90;47m OPTIONS [0m "/api/batchedUpdates"
2024-09-17 19:46:10 - INFO - User AdamZilla loaded 1 Pokémon into Kafka
[GIN] 2024/09/17 - 19:46:10 |[97;42m 200 [0m|     1.010999s |             ::1 |[97;46m POST    [0m "/api/batchedUpdates"
2024-09-17 19:54:42 - INFO - Attempting to connect to Kafka...
2024-09-17 19:54:42 - INFO - Kafka client configured to connect to 192.168.213.1:9093
2024-09-17 19:54:42 - INFO - Configured to write to topic batchedUpdates
2024-09-17 19:54:42 - INFO - Server started on port 3003
2024-09-17 19:54:43 - INFO - Warm-up message sent successfully in 1.0079982s
[GIN] 2024/09/17 - 19:55:05 |[97;42m 204 [0m|            0s |             ::1 |[90;47m OPTIONS [0m "/api/batchedUpdates"
2024-09-17 19:55:06 - INFO - Time taken to write message to Kafka: 1.0026177s
2024-09-17 19:55:06 - INFO - Time taken to produce to Kafka: 1.0029963s
2024-09-17 19:55:06 - INFO - Total time taken to handle request: 1.0038505s
2024-09-17 19:55:06 - INFO - User AdamZilla loaded 1 Pokémon into Kafka
[GIN] 2024/09/17 - 19:55:06 |[97;42m 200 [0m|    1.0043465s |             ::1 |[97;46m POST    [0m "/api/batchedUpdates"
2024-09-17 19:58:10 - INFO - Attempting to connect to Kafka...
2024-09-17 19:58:10 - INFO - Kafka client configured to connect to 192.168.213.1:9093
2024-09-17 19:58:10 - INFO - Configured to write to topic batchedUpdates
2024-09-17 19:58:10 - INFO - Server started on port 3003
2024-09-17 19:58:11 - INFO - Warm-up message sent successfully in 1.0090369s
[GIN] 2024/09/17 - 19:58:40 |[97;42m 204 [0m|            0s |             ::1 |[90;47m OPTIONS [0m "/api/batchedUpdates"
2024-09-17 19:58:41 - INFO - Time taken to write message to Kafka: 1.0021874s
2024-09-17 19:58:41 - INFO - Time taken to produce to Kafka: 1.0025031s
2024-09-17 19:58:41 - INFO - Total time taken to handle request: 1.0030023s
2024-09-17 19:58:41 - INFO - User AdamZilla loaded 1 Pokémon into Kafka
[GIN] 2024/09/17 - 19:58:41 |[97;42m 200 [0m|    1.0034991s |             ::1 |[97;46m POST    [0m "/api/batchedUpdates"
2024-09-17 20:03:38 - INFO - Attempting to connect to Kafka...
2024-09-17 20:03:38 - INFO - Kafka client configured to connect to 192.168.213.1:9093
2024-09-17 20:03:38 - INFO - Configured to write to topic batchedUpdates
2024-09-17 20:03:38 - INFO - Server started on port 3003
2024-09-17 20:03:38 - ERROR - Failed to send warm-up message: [3] Unknown Topic Or Partition: the request is for a topic or partition that does not exist on this broker
[GIN] 2024/09/17 - 20:03:59 |[97;42m 204 [0m|            0s |             ::1 |[90;47m OPTIONS [0m "/api/batchedUpdates"
2024-09-17 20:03:59 - INFO - Time taken to write message to Kafka: 0s
2024-09-17 20:03:59 - ERROR - Failed to write message to Kafka: [3] Unknown Topic Or Partition: the request is for a topic or partition that does not exist on this broker
2024-09-17 20:03:59 - INFO - Data saved to local storage for retry
2024-09-17 20:03:59 - INFO - Time taken to produce to Kafka: 2.0001ms
2024-09-17 20:03:59 - ERROR - Failed to produce to Kafka: [3] Unknown Topic Or Partition: the request is for a topic or partition that does not exist on this broker
[GIN] 2024/09/17 - 20:03:59 |[97;41m 500 [0m|      3.5008ms |             ::1 |[97;46m POST    [0m "/api/batchedUpdates"
2024-09-17 20:04:38 - INFO - Time taken to write message to Kafka: 0s
2024-09-17 20:04:38 - ERROR - Failed to write message to Kafka: [3] Unknown Topic Or Partition: the request is for a topic or partition that does not exist on this broker
2024-09-17 20:04:38 - INFO - Data saved to local storage for retry
2024-09-17 20:04:38 - WARNING - Failed to resend data to Kafka: [3] Unknown Topic Or Partition: the request is for a topic or partition that does not exist on this broker
[GIN] 2024/09/17 - 20:04:59 |[97;42m 204 [0m|            0s |             ::1 |[90;47m OPTIONS [0m "/api/batchedUpdates"
2024-09-17 20:04:59 - INFO - Time taken to write message to Kafka: 0s
2024-09-17 20:04:59 - ERROR - Failed to write message to Kafka: [3] Unknown Topic Or Partition: the request is for a topic or partition that does not exist on this broker
2024-09-17 20:04:59 - INFO - Data saved to local storage for retry
2024-09-17 20:04:59 - INFO - Time taken to produce to Kafka: 995.4µs
2024-09-17 20:04:59 - ERROR - Failed to produce to Kafka: [3] Unknown Topic Or Partition: the request is for a topic or partition that does not exist on this broker
[GIN] 2024/09/17 - 20:04:59 |[97;41m 500 [0m|      1.9993ms |             ::1 |[97;46m POST    [0m "/api/batchedUpdates"
2024-09-17 20:10:02 - INFO - Attempting to connect to Kafka...
2024-09-17 20:10:02 - INFO - Kafka client configured to connect to 192.168.213.1:9093
2024-09-17 20:10:02 - INFO - Configured to write to topic batchedUpdates
2024-09-17 20:10:02 - INFO - Server started on port 3003
2024-09-17 20:10:02 - INFO - Warm-up message sent successfully in 19.003ms
[GIN] 2024/09/17 - 20:10:12 |[97;42m 204 [0m|            0s |             ::1 |[90;47m OPTIONS [0m "/api/batchedUpdates"
2024-09-17 20:10:12 - INFO - Time taken to write message to Kafka: 16.5001ms
2024-09-17 20:10:12 - INFO - Time taken to produce to Kafka: 18.0002ms
2024-09-17 20:10:12 - INFO - Total time taken to handle request: 18.0002ms
2024-09-17 20:10:12 - INFO - User AdamZilla loaded 1 Pokémon into Kafka
[GIN] 2024/09/17 - 20:10:12 |[97;42m 200 [0m|     19.0013ms |             ::1 |[97;46m POST    [0m "/api/batchedUpdates"
2024-09-17 20:13:46 - INFO - Attempting to connect to Kafka...
2024-09-17 20:13:46 - INFO - Kafka client configured to connect to 192.168.213.1:9093
2024-09-17 20:13:46 - INFO - Configured to write to topic batchedUpdates
2024-09-17 20:13:46 - INFO - Server started on port 3003
[GIN] 2024/09/17 - 20:14:00 |[97;42m 204 [0m|            0s |             ::1 |[90;47m OPTIONS [0m "/api/batchedUpdates"
2024-09-17 20:14:00 - INFO - Time taken to write message to Kafka: 18ms
2024-09-17 20:14:00 - INFO - Time taken to produce to Kafka: 19.004ms
2024-09-17 20:14:00 - INFO - Total time taken to handle request: 19.5003ms
2024-09-17 20:14:00 - INFO - User AdamZilla loaded 1 Pokémon into Kafka
[GIN] 2024/09/17 - 20:14:00 |[97;42m 200 [0m|     20.0033ms |             ::1 |[97;46m POST    [0m "/api/batchedUpdates"
2024-09-17 20:15:42 - INFO - Attempting to connect to Kafka...
2024-09-17 20:15:42 - INFO - Kafka client configured to connect to 192.168.213.1:9093
2024-09-17 20:15:42 - INFO - Configured to write to topic batchedUpdates
2024-09-17 20:15:42 - INFO - Server started on port 3003
[GIN] 2024/09/17 - 20:15:57 |[97;42m 204 [0m|            0s |             ::1 |[90;47m OPTIONS [0m "/api/batchedUpdates"
2024-09-17 20:15:57 - INFO - Time taken to produce to Kafka: 20.5318ms
2024-09-17 20:15:57 - INFO - User AdamZilla loaded 1 Pokémon into Kafka
[GIN] 2024/09/17 - 20:15:57 |[97;42m 200 [0m|     21.8595ms |             ::1 |[97;46m POST    [0m "/api/batchedUpdates"
2024-09-18 00:52:48 - INFO - Attempting to connect to Kafka...
2024-09-18 00:52:48 - INFO - Kafka client configured to connect to 192.168.213.1:9093
2024-09-18 00:52:48 - INFO - Configured to write to topic batchedUpdates
2024-09-18 00:52:48 - INFO - Server started on port 3003
[GIN] 2024/09/18 - 00:53:00 |[97;42m 204 [0m|            0s |             ::1 |[90;47m OPTIONS [0m "/api/batchedUpdates"
2024-09-18 00:53:00 - INFO - Token decoded successfully
2024-09-18 00:53:00 - INFO - Time taken to produce to Kafka: 37.0005ms
2024-09-18 00:53:00 - INFO - User AdamZilla loaded 1 Pokémon into Kafka
[GIN] 2024/09/18 - 00:53:00 |[97;42m 200 [0m|     40.3556ms |             ::1 |[97;46m POST    [0m "/api/batchedUpdates"
2024-09-18 00:53:46 - INFO - Attempting to connect to Kafka...
2024-09-18 00:53:46 - INFO - Kafka client configured to connect to 192.168.213.1:9093
2024-09-18 00:53:46 - INFO - Configured to write to topic batchedUpdates
2024-09-18 00:53:46 - INFO - Server started on port 3003
[GIN] 2024/09/18 - 00:54:00 |[97;42m 204 [0m|            0s |             ::1 |[90;47m OPTIONS [0m "/api/batchedUpdates"
2024-09-18 00:54:00 - INFO - Token decoded successfully
2024-09-18 00:54:00 - INFO - User AdamZilla loaded 1 Pokémon into Kafka
[GIN] 2024/09/18 - 00:54:00 |[97;42m 200 [0m|      20.997ms |             ::1 |[97;46m POST    [0m "/api/batchedUpdates"
