2024-07-06 10:21:58,849 - basicLogger - INFO - Attempting to connect to Kafka...
2024-07-06 10:22:37,709 - basicLogger - ERROR - Failed to connect to Kafka on retry 0: Unable to connect to a broker to fetch metadata. See logs.
2024-07-06 10:22:37,710 - basicLogger - INFO - Attempting to connect to Kafka...
2024-07-06 10:23:16,593 - basicLogger - ERROR - Failed to connect to Kafka on retry 1: Unable to connect to a broker to fetch metadata. See logs.
2024-07-06 10:23:16,594 - basicLogger - INFO - Attempting to connect to Kafka...
2024-07-06 10:23:55,479 - basicLogger - ERROR - Failed to connect to Kafka on retry 2: Unable to connect to a broker to fetch metadata. See logs.
2024-07-06 10:23:55,479 - basicLogger - INFO - Attempting to connect to Kafka...
2024-07-06 10:24:34,383 - basicLogger - ERROR - Failed to connect to Kafka on retry 3: Unable to connect to a broker to fetch metadata. See logs.
2024-07-06 10:24:34,384 - basicLogger - INFO - Attempting to connect to Kafka...
2024-07-06 10:25:13,257 - basicLogger - ERROR - Failed to connect to Kafka on retry 4: Unable to connect to a broker to fetch metadata. See logs.
2024-07-06 10:25:13,257 - basicLogger - ERROR - Failed to initialize Kafka producer after max retries
2024-07-06 10:25:18,359 - basicLogger - INFO - Attempting to connect to Kafka...
2024-07-06 10:25:49,068 - basicLogger - INFO - Attempting to connect to Kafka...
2024-07-06 10:26:27,979 - basicLogger - ERROR - Failed to connect to Kafka on retry 0: Unable to connect to a broker to fetch metadata. See logs.
2024-07-06 10:26:27,979 - basicLogger - INFO - Attempting to connect to Kafka...
2024-07-06 10:27:06,855 - basicLogger - ERROR - Failed to connect to Kafka on retry 1: Unable to connect to a broker to fetch metadata. See logs.
2024-07-06 10:27:06,856 - basicLogger - INFO - Attempting to connect to Kafka...
2024-07-06 10:27:45,759 - basicLogger - ERROR - Failed to connect to Kafka on retry 2: Unable to connect to a broker to fetch metadata. See logs.
2024-07-06 10:27:45,759 - basicLogger - INFO - Attempting to connect to Kafka...
2024-07-06 10:28:24,633 - basicLogger - ERROR - Failed to connect to Kafka on retry 3: Unable to connect to a broker to fetch metadata. See logs.
2024-07-06 10:28:24,634 - basicLogger - INFO - Attempting to connect to Kafka...
2024-07-06 10:29:03,521 - basicLogger - ERROR - Failed to connect to Kafka on retry 4: Unable to connect to a broker to fetch metadata. See logs.
2024-07-06 10:29:03,521 - basicLogger - ERROR - Failed to initialize Kafka producer after max retries
2024-07-06 10:56:41,948 - basicLogger - INFO - Attempting to connect to Kafka...
2024-07-06 10:56:44,653 - basicLogger - ERROR - Failed to connect to Kafka on retry 0: Unable to connect to a broker to fetch metadata. See logs.
2024-07-06 10:56:44,653 - basicLogger - INFO - Attempting to connect to Kafka...
2024-07-06 10:56:47,356 - basicLogger - ERROR - Failed to connect to Kafka on retry 1: Unable to connect to a broker to fetch metadata. See logs.
2024-07-06 10:56:47,356 - basicLogger - INFO - Attempting to connect to Kafka...
2024-07-06 10:56:50,060 - basicLogger - ERROR - Failed to connect to Kafka on retry 2: Unable to connect to a broker to fetch metadata. See logs.
2024-07-06 10:56:50,061 - basicLogger - INFO - Attempting to connect to Kafka...
2024-07-06 11:06:46,153 - basicLogger - INFO - Attempting to connect to Kafka...
2024-07-06 11:06:48,858 - basicLogger - ERROR - Failed to connect to Kafka on retry 0: Unable to connect to a broker to fetch metadata. See logs.
2024-07-06 11:06:48,858 - basicLogger - INFO - Attempting to connect to Kafka...
2024-07-06 11:06:51,561 - basicLogger - ERROR - Failed to connect to Kafka on retry 1: Unable to connect to a broker to fetch metadata. See logs.
2024-07-06 11:06:51,562 - basicLogger - INFO - Attempting to connect to Kafka...
2024-07-06 11:08:57,384 - basicLogger - INFO - Attempting to connect to Kafka...
2024-07-06 11:08:57,439 - basicLogger - ERROR - Failed to connect to Kafka on retry 0: 
2024-07-06 11:08:57,440 - basicLogger - INFO - Attempting to connect to Kafka...
2024-07-06 11:08:57,485 - basicLogger - ERROR - Failed to connect to Kafka on retry 1: 
2024-07-06 11:08:57,485 - basicLogger - INFO - Attempting to connect to Kafka...
2024-07-06 11:08:57,509 - basicLogger - ERROR - Failed to connect to Kafka on retry 2: 
2024-07-06 11:08:57,510 - basicLogger - INFO - Attempting to connect to Kafka...
2024-07-06 11:08:57,523 - basicLogger - ERROR - Failed to connect to Kafka on retry 3: 
2024-07-06 11:08:57,523 - basicLogger - INFO - Attempting to connect to Kafka...
2024-07-06 11:08:57,597 - basicLogger - ERROR - Failed to connect to Kafka on retry 4: 
2024-07-06 11:08:57,597 - basicLogger - ERROR - Failed to initialize Kafka producer after max retries
2024-07-06 11:22:48,873 - basicLogger - INFO - Attempting to connect to Kafka...
2024-07-06 11:22:48,928 - basicLogger - ERROR - Failed to connect to Kafka on retry 0: 
Traceback (most recent call last):
  File "A:\Visual-Studio-Code\Go\user_pokemon_management\receiver\app.py", line 42, in initialize_kafka_producer_with_retry
    kafka_topic = kafka_client.topics[str.encode(kafka_config['topic'])]
  File "C:\Users\Captain Monk\.pyenv\pyenv-win\versions\3.10.0\lib\site-packages\pykafka\cluster.py", line 74, in __getitem__
    topic = Topic(self._cluster(), meta.topics[key])
  File "C:\Users\Captain Monk\.pyenv\pyenv-win\versions\3.10.0\lib\site-packages\pykafka\topic.py", line 67, in __init__
    self.update(topic_metadata)
  File "C:\Users\Captain Monk\.pyenv\pyenv-win\versions\3.10.0\lib\site-packages\pykafka\topic.py", line 230, in update
    raise LeaderNotFoundError()
pykafka.exceptions.LeaderNotFoundError
2024-07-06 11:22:51,930 - basicLogger - INFO - Attempting to connect to Kafka...
2024-07-06 11:22:51,993 - basicLogger - ERROR - Failed to connect to Kafka on retry 1: 
Traceback (most recent call last):
  File "A:\Visual-Studio-Code\Go\user_pokemon_management\receiver\app.py", line 42, in initialize_kafka_producer_with_retry
    kafka_topic = kafka_client.topics[str.encode(kafka_config['topic'])]
  File "C:\Users\Captain Monk\.pyenv\pyenv-win\versions\3.10.0\lib\site-packages\pykafka\cluster.py", line 74, in __getitem__
    topic = Topic(self._cluster(), meta.topics[key])
  File "C:\Users\Captain Monk\.pyenv\pyenv-win\versions\3.10.0\lib\site-packages\pykafka\topic.py", line 67, in __init__
    self.update(topic_metadata)
  File "C:\Users\Captain Monk\.pyenv\pyenv-win\versions\3.10.0\lib\site-packages\pykafka\topic.py", line 230, in update
    raise LeaderNotFoundError()
pykafka.exceptions.LeaderNotFoundError
2024-07-06 11:39:31,633 - basicLogger - INFO - Attempting to connect to Kafka...
2024-07-06 11:39:31,664 - basicLogger - INFO - Kafka client connected to 192.168.1.67:9093
2024-07-06 11:39:31,678 - basicLogger - INFO - Connected to topic batchedUpdates
2024-07-06 11:40:29,263 - basicLogger - INFO - Attempting to connect to Kafka...
2024-07-06 11:40:29,268 - basicLogger - INFO - Kafka client connected to 192.168.1.67:9093
2024-07-06 11:40:29,281 - basicLogger - INFO - Connected to topic batchedUpdates
2024-07-06 11:41:36,437 - basicLogger - INFO - Attempting to connect to Kafka...
2024-07-06 11:41:36,443 - basicLogger - INFO - Kafka client connected to 192.168.1.67:9093
2024-07-06 11:41:36,448 - basicLogger - INFO - Connected to topic batchedUpdates
2024-07-06 11:42:15,298 - basicLogger - INFO - Attempting to connect to Kafka...
2024-07-06 11:42:15,313 - basicLogger - INFO - Kafka client connected to 192.168.1.67:9093
2024-07-06 11:42:15,326 - basicLogger - INFO - Connected to topic batchedUpdates
2024-07-06 11:44:57,234 - basicLogger - INFO - Attempting to connect to Kafka...
2024-07-06 11:44:57,249 - basicLogger - INFO - Kafka client connected to 192.168.1.67:9093
2024-07-06 11:44:57,263 - basicLogger - INFO - Connected to topic batchedUpdates
2024-07-06 11:45:37,898 - basicLogger - INFO - Attempting to connect to Kafka...
2024-07-06 11:45:37,913 - basicLogger - INFO - Kafka client connected to 192.168.1.67:9093
2024-07-06 11:45:37,917 - basicLogger - INFO - Connected to topic batchedUpdates
2024-07-06 11:49:07,032 - basicLogger - INFO - Attempting to connect to Kafka...
2024-07-06 11:49:07,046 - basicLogger - INFO - Kafka client connected to 192.168.1.67:9093
2024-07-06 11:49:07,060 - basicLogger - INFO - Connected to topic batchedUpdates
2024-07-06 13:10:42,001 - basicLogger - INFO - Attempting to connect to Kafka...
2024-07-06 13:10:44,722 - basicLogger - ERROR - Failed to connect to Kafka on retry 0: Unable to connect to a broker to fetch metadata. See logs.
Traceback (most recent call last):
  File "C:\Visual-Studio-Code\Go\user_pokemon_management\receiver\app.py", line 41, in initialize_kafka_producer_with_retry
    kafka_client = KafkaClient(hosts=f"{kafka_config['hostname']}:{kafka_config['port']}")
                   ^^^^^^^^^^^^^^^^^^^^^^^^^^^^^^^^^^^^^^^^^^^^^^^^^^^^^^^^^^^^^^^^^^^^^^^
  File "C:\Users\adam\.pyenv\pyenv-win\versions\3.12.1\Lib\site-packages\pykafka\client.py", line 133, in __init__
    self.cluster = Cluster(
                   ^^^^^^^^
  File "C:\Users\adam\.pyenv\pyenv-win\versions\3.12.1\Lib\site-packages\pykafka\cluster.py", line 215, in __init__
    self.update()
  File "C:\Users\adam\.pyenv\pyenv-win\versions\3.12.1\Lib\site-packages\pykafka\cluster.py", line 510, in update
    metadata = self._get_metadata()
               ^^^^^^^^^^^^^^^^^^^^
  File "C:\Users\adam\.pyenv\pyenv-win\versions\3.12.1\Lib\site-packages\pykafka\cluster.py", line 304, in _get_metadata
    raise NoBrokersAvailableError(
pykafka.exceptions.NoBrokersAvailableError: Unable to connect to a broker to fetch metadata. See logs.
2024-07-06 13:10:47,727 - basicLogger - INFO - Attempting to connect to Kafka...
2024-07-06 13:10:50,437 - basicLogger - ERROR - Failed to connect to Kafka on retry 1: Unable to connect to a broker to fetch metadata. See logs.
Traceback (most recent call last):
  File "C:\Visual-Studio-Code\Go\user_pokemon_management\receiver\app.py", line 41, in initialize_kafka_producer_with_retry
    kafka_client = KafkaClient(hosts=f"{kafka_config['hostname']}:{kafka_config['port']}")
                   ^^^^^^^^^^^^^^^^^^^^^^^^^^^^^^^^^^^^^^^^^^^^^^^^^^^^^^^^^^^^^^^^^^^^^^^
  File "C:\Users\adam\.pyenv\pyenv-win\versions\3.12.1\Lib\site-packages\pykafka\client.py", line 133, in __init__
    self.cluster = Cluster(
                   ^^^^^^^^
  File "C:\Users\adam\.pyenv\pyenv-win\versions\3.12.1\Lib\site-packages\pykafka\cluster.py", line 215, in __init__
    self.update()
  File "C:\Users\adam\.pyenv\pyenv-win\versions\3.12.1\Lib\site-packages\pykafka\cluster.py", line 510, in update
    metadata = self._get_metadata()
               ^^^^^^^^^^^^^^^^^^^^
  File "C:\Users\adam\.pyenv\pyenv-win\versions\3.12.1\Lib\site-packages\pykafka\cluster.py", line 304, in _get_metadata
    raise NoBrokersAvailableError(
pykafka.exceptions.NoBrokersAvailableError: Unable to connect to a broker to fetch metadata. See logs.
2024-07-06 13:15:41,433 - basicLogger - INFO - Attempting to connect to Kafka...
2024-07-06 13:16:32,226 - basicLogger - INFO - Attempting to connect to Kafka...
2024-07-06 13:18:52,747 - basicLogger - INFO - Attempting to connect to Kafka...
2024-07-06 13:19:56,809 - basicLogger - INFO - Kafka client connected to 192.168.56.1:9093
2024-07-06 13:19:56,824 - basicLogger - INFO - Connected to topic batchedUpdates
2024-07-06 13:38:34,214 - basicLogger - INFO - Attempting to connect to Kafka...
2024-07-06 13:38:34,253 - basicLogger - INFO - Kafka client connected to 192.168.56.1:9093
2024-07-06 13:38:34,262 - basicLogger - INFO - Connected to topic batchedUpdates
2024-07-06 14:00:02,888 - basicLogger - INFO - Attempting to connect to Kafka...
2024-07-06 14:00:02,909 - basicLogger - INFO - Kafka client connected to 192.168.56.1:9093
2024-07-06 14:00:02,927 - basicLogger - INFO - Connected to topic batchedUpdates
2024-07-06 14:01:48,297 - basicLogger - INFO - Attempting to connect to Kafka...
2024-07-06 14:01:48,320 - basicLogger - INFO - Kafka client connected to 192.168.56.1:9093
2024-07-06 14:01:48,342 - basicLogger - INFO - Connected to topic batchedUpdates
2024-07-06 14:04:01,295 - basicLogger - INFO - Attempting to connect to Kafka...
2024-07-06 14:04:01,306 - basicLogger - INFO - Kafka client connected to 192.168.56.1:9093
2024-07-06 14:04:01,313 - basicLogger - INFO - Connected to topic batchedUpdates
2024-07-06 14:05:55,629 - basicLogger - INFO - Attempting to connect to Kafka...
2024-07-06 14:05:55,645 - basicLogger - INFO - Kafka client connected to 192.168.56.1:9093
2024-07-06 14:05:55,668 - basicLogger - INFO - Connected to topic batchedUpdates
2024-07-06 14:07:33,139 - basicLogger - INFO - Attempting to connect to Kafka...
2024-07-06 14:07:33,150 - basicLogger - INFO - Kafka client connected to 192.168.56.1:9093
2024-07-06 14:07:33,166 - basicLogger - INFO - Connected to topic batchedUpdates
2024-07-06 14:11:05,934 - basicLogger - INFO - Attempting to connect to Kafka...
2024-07-06 14:11:05,949 - basicLogger - INFO - Kafka client connected to 192.168.56.1:9093
2024-07-06 14:11:05,966 - basicLogger - INFO - Connected to topic batchedUpdates
2024-07-06 14:22:39,905 - basicLogger - INFO - Attempting to connect to Kafka...
2024-07-06 14:22:39,922 - basicLogger - INFO - Kafka client connected to 192.168.56.1:9093
2024-07-06 14:22:39,936 - basicLogger - INFO - Connected to topic batchedUpdates
2024-07-06 14:27:27,386 - basicLogger - INFO - Attempting to connect to Kafka...
2024-07-06 14:27:27,416 - basicLogger - INFO - Kafka client connected to 192.168.56.1:9093
2024-07-06 14:27:27,430 - basicLogger - INFO - Connected to topic batchedUpdates
2024-07-06 14:32:08,907 - basicLogger - INFO - Attempting to connect to Kafka...
2024-07-06 14:32:08,929 - basicLogger - INFO - Kafka client connected to 192.168.56.1:9093
2024-07-06 14:32:08,942 - basicLogger - INFO - Connected to topic batchedUpdates
2024-07-06 14:38:15,710 - basicLogger - INFO - Attempting to connect to Kafka...
2024-07-06 14:38:15,725 - basicLogger - INFO - Kafka client connected to 192.168.56.1:9093
2024-07-06 14:38:15,745 - basicLogger - INFO - Connected to topic batchedUpdates
2024-07-06 14:42:28,520 - basicLogger - INFO - Attempting to connect to Kafka...
2024-07-06 14:42:28,530 - basicLogger - INFO - Kafka client connected to 192.168.56.1:9093
2024-07-06 14:42:28,538 - basicLogger - INFO - Connected to topic batchedUpdates
2024-07-06 14:52:47,247 - basicLogger - INFO - Attempting to connect to Kafka...
2024-07-06 14:52:47,260 - basicLogger - INFO - Kafka client connected to 192.168.56.1:9093
2024-07-06 14:52:47,288 - basicLogger - INFO - Connected to topic batchedUpdates
2024-07-06 14:54:52,121 - basicLogger - INFO - Attempting to connect to Kafka...
2024-07-06 14:54:52,131 - basicLogger - INFO - Kafka client connected to 192.168.56.1:9093
2024-07-06 14:54:52,149 - basicLogger - INFO - Connected to topic batchedUpdates
2024-07-06 14:58:31,308 - basicLogger - INFO - Attempting to connect to Kafka...
2024-07-06 14:58:31,318 - basicLogger - INFO - Kafka client connected to 192.168.56.1:9093
2024-07-06 14:58:31,342 - basicLogger - INFO - Connected to topic batchedUpdates
2024-07-06 15:01:45,414 - basicLogger - INFO - Attempting to connect to Kafka...
2024-07-06 15:01:45,441 - basicLogger - INFO - Kafka client connected to 192.168.56.1:9093
2024-07-06 15:01:45,460 - basicLogger - INFO - Connected to topic batchedUpdates
2024-07-06 15:03:00,515 - basicLogger - ERROR - JWT token is missing in cookies
2024-07-06 15:03:00,517 - basicLogger - ERROR - Unauthorized access attempt detected
2024-07-06 15:05:29,184 - basicLogger - INFO - Attempting to connect to Kafka...
2024-07-06 15:05:29,196 - basicLogger - INFO - Kafka client connected to 192.168.56.1:9093
2024-07-06 15:05:29,205 - basicLogger - INFO - Connected to topic batchedUpdates
2024-07-06 15:06:36,972 - basicLogger - INFO - Token decoded successfully, payload: {'userId': '663eb6e4bfcb4886a044ebdc', 'username': 'AdamZilla', 'iat': 1720302514, 'exp': 1720306114}
2024-07-06 15:06:36,973 - basicLogger - ERROR - Unauthorized access attempt detected
2024-07-06 15:10:23,286 - basicLogger - INFO - Token decoded successfully, payload: {'user_id': '663eb6e4bfcb4886a044ebdc', 'username': 'AdamZilla', 'iat': 1720303735, 'exp': 1720307335}
2024-07-06 15:10:23,287 - basicLogger - INFO - Received batched updates with user ID 663eb6e4bfcb4886a044ebdc: {'1-default_f230936f-0d4e-425b-a56b-2c0f20859627': {'pokemon_id': 1, 'nickname': None, 'cp': None, 'attack_iv': None, 'defense_iv': None, 'stamina_iv': None, 'shiny': False, 'costume_id': None, 'lucky': False, 'shadow': False, 'purified': False, 'fast_move_id': None, 'charged_move1_id': None, 'charged_move2_id': None, 'weight': None, 'height': None, 'gender': None, 'mirror': False, 'pref_lucky': False, 'registered': False, 'favorite': False, 'location_card': None, 'location_caught': None, 'friendship_level': None, 'date_caught': None, 'date_added': '2024-07-06T20:46:48.373Z', 'last_update': 1720303762478, 'is_unowned': True, 'is_owned': False, 'is_for_trade': False, 'is_wanted': True, 'not_trade_list': {}, 'not_wanted_list': {}}, '2-default_1a4616f5-fd37-4c16-a90b-622cb0e66275': {'pokemon_id': 2, 'nickname': None, 'cp': None, 'attack_iv': None, 'defense_iv': None, 'stamina_iv': None, 'shiny': False, 'costume_id': None, 'lucky': False, 'shadow': False, 'purified': False, 'fast_move_id': None, 'charged_move1_id': None, 'charged_move2_id': None, 'weight': None, 'height': None, 'gender': None, 'mirror': False, 'pref_lucky': False, 'registered': False, 'favorite': False, 'location_card': None, 'location_caught': None, 'friendship_level': None, 'date_caught': None, 'date_added': '2024-07-06T20:46:48.374Z', 'last_update': 1720303762480, 'is_unowned': True, 'is_owned': False, 'is_for_trade': False, 'is_wanted': True, 'not_trade_list': {}, 'not_wanted_list': {}}, '3-default_6de6929f-3c65-4950-83d7-cd8dae58d9ca': {'pokemon_id': 3, 'nickname': None, 'cp': None, 'attack_iv': None, 'defense_iv': None, 'stamina_iv': None, 'shiny': False, 'costume_id': None, 'lucky': False, 'shadow': False, 'purified': False, 'fast_move_id': None, 'charged_move1_id': None, 'charged_move2_id': None, 'weight': None, 'height': None, 'gender': None, 'mirror': False, 'pref_lucky': False, 'registered': False, 'favorite': False, 'location_card': None, 'location_caught': None, 'friendship_level': None, 'date_caught': None, 'date_added': '2024-07-06T20:46:48.374Z', 'last_update': 1720303762483, 'is_unowned': True, 'is_owned': False, 'is_for_trade': False, 'is_wanted': True, 'not_trade_list': {}, 'not_wanted_list': {}}, '4-default_0c2f3c8c-4e88-4f10-a24b-a119f0e05696': {'pokemon_id': 4, 'nickname': None, 'cp': None, 'attack_iv': None, 'defense_iv': None, 'stamina_iv': None, 'shiny': False, 'costume_id': None, 'lucky': False, 'shadow': False, 'purified': False, 'fast_move_id': None, 'charged_move1_id': None, 'charged_move2_id': None, 'weight': None, 'height': None, 'gender': None, 'mirror': False, 'pref_lucky': False, 'registered': False, 'favorite': False, 'location_card': None, 'location_caught': None, 'friendship_level': None, 'date_caught': None, 'date_added': '2024-07-06T20:46:48.374Z', 'last_update': 1720303762485, 'is_unowned': True, 'is_owned': False, 'is_for_trade': False, 'is_wanted': True, 'not_trade_list': {}, 'not_wanted_list': {}}, '5-default_0fd0ca8a-97c6-414f-99cb-1bb5d305b18f': {'pokemon_id': 5, 'nickname': None, 'cp': None, 'attack_iv': None, 'defense_iv': None, 'stamina_iv': None, 'shiny': False, 'costume_id': None, 'lucky': False, 'shadow': False, 'purified': False, 'fast_move_id': None, 'charged_move1_id': None, 'charged_move2_id': None, 'weight': None, 'height': None, 'gender': None, 'mirror': False, 'pref_lucky': False, 'registered': False, 'favorite': False, 'location_card': None, 'location_caught': None, 'friendship_level': None, 'date_caught': None, 'date_added': '2024-07-06T20:46:48.375Z', 'last_update': 1720303762488, 'is_unowned': True, 'is_owned': False, 'is_for_trade': False, 'is_wanted': True, 'not_trade_list': {}, 'not_wanted_list': {}}, '6-default_1179f7bc-4561-449b-8950-7e494509d3d7': {'pokemon_id': 6, 'nickname': None, 'cp': None, 'attack_iv': None, 'defense_iv': None, 'stamina_iv': None, 'shiny': False, 'costume_id': None, 'lucky': False, 'shadow': False, 'purified': False, 'fast_move_id': None, 'charged_move1_id': None, 'charged_move2_id': None, 'weight': None, 'height': None, 'gender': None, 'mirror': False, 'pref_lucky': False, 'registered': False, 'favorite': False, 'location_card': None, 'location_caught': None, 'friendship_level': None, 'date_caught': None, 'date_added': '2024-07-06T20:46:48.375Z', 'last_update': 1720303762490, 'is_unowned': True, 'is_owned': False, 'is_for_trade': False, 'is_wanted': True, 'not_trade_list': {}, 'not_wanted_list': {}}}
2024-07-06 15:10:23,446 - basicLogger - INFO - Produced batchedUpdates event to Kafka topic with trace ID 851041d7-6088-4e90-bf9b-10c3bc0b00f9
