2024-12-14 21:50:02 - INFO - Loading configuration...
2024-12-14 21:50:02 - INFO - No SERVER_PORT set, defaulting to 3007
2024-12-14 21:50:02 - INFO - Configuration loaded: DBUser=postgres DBHost=localhost DBName=locations DBPort=5432 ServerPort=3007
2024-12-14 21:50:02 - INFO - Connecting to database...
2024-12-14 21:50:02 - INFO - Constructed DSN (password masked): postgres://postgres:*****@localhost:5432/locations
2024-12-14 21:50:02 - INFO - Attempting to connect to the database...
2024-12-14 21:50:02 - INFO - Successfully connected to the database.
2024-12-14 21:50:02 - INFO - Initializing Fiber app...
2024-12-14 21:50:02 - INFO - Serving static files from ./static
2024-12-14 21:50:02 - INFO - Registering routes...
2024-12-14 21:50:02 - INFO - Server running on http://localhost:3007
2024-12-14 21:50:09 - INFO - 127.0.0.1 - GET /viewer.html - 304 - 84ms
2024-12-14 21:50:19 - INFO - Viewer request: country=Canada (canada), city=British%20Columbia (british%20columbia), state=Vancouver (vancouver)
2024-12-14 21:50:20 - warning - No boundary found for the specified location: country=canada, name=british%20columbia, state=vancouver
2024-12-14 21:50:20 - INFO - 127.0.0.1 - GET /city/Canada/British%!C(MISSING)olumbia/Vancouver - 404 - 260ms
2024-12-14 21:55:06 - INFO - Loading configuration...
2024-12-14 21:55:06 - INFO - No SERVER_PORT set, defaulting to 3007
2024-12-14 21:55:06 - INFO - Configuration loaded: DBUser=postgres DBHost=localhost DBName=locations DBPort=5432 ServerPort=3007
2024-12-14 21:55:06 - INFO - Connecting to database...
2024-12-14 21:55:06 - INFO - Constructed DSN (password masked): postgres://postgres:*****@localhost:5432/locations
2024-12-14 21:55:06 - INFO - Attempting to connect to the database...
2024-12-14 21:55:06 - INFO - Successfully connected to the database.
2024-12-14 21:55:06 - INFO - Initializing Fiber app...
2024-12-14 21:55:06 - INFO - Serving static files from ./static
2024-12-14 21:55:06 - INFO - Registering routes...
2024-12-14 21:55:06 - INFO - Server running on http://localhost:3007
2024-12-14 21:55:09 - INFO - 127.0.0.1 - GET /viewer.html - 304 - 89ms
2024-12-14 21:55:17 - INFO - Viewer request: country=Canada (canada), state=British%20Columbia (british%20columbia), city=Vancouver (vancouver)
2024-12-14 21:55:17 - warning - No boundary found for the specified location: country=canada, name=vancouver, state=british%20columbia
2024-12-14 21:55:17 - INFO - 127.0.0.1 - GET /city/Canada/British%!C(MISSING)olumbia/Vancouver - 404 - 274ms
